Using pre-set license
Built from '2020.3/release' branch; Version is '2020.3.7f1 (dd97f2c94397) revision 14522354'; Using compiler version '192528614'; Build Type 'Release'
OS: 'Windows 10 Pro; OS build 18363.1556; Version 1909; 64bit' Language: 'en' Physical Memory: 16289 MB
BatchMode: 1, IsHumanControllingUs: 0, StartBugReporterOnCrash: 0, Is64bit: 1, IsPro: 0

 COMMAND LINE ARGUMENTS:
C:\Program Files\Unity\Hub\Editor\2020.3.7f1\Editor\Unity.exe
-adb2
-batchMode
-noUpm
-name
AssetImportWorker0
-projectPath
C:/Users/pasch/OneDrive/Έγγραφα/GitHub/Data-Persistence-Project
-logFile
Logs/AssetImportWorker0.log
-srvPort
65037
Successfully changed project path to: C:/Users/pasch/OneDrive/Έγγραφα/GitHub/Data-Persistence-Project
C:/Users/pasch/OneDrive/Έγγραφα/GitHub/Data-Persistence-Project
Using Asset Import Pipeline V2.
Refreshing native plugins compatible for Editor in 44.72 ms, found 0 plugins.
Preloading 0 native plugins for Editor in 0.00 ms.
Initialize engine version: 2020.3.7f1 (dd97f2c94397)
[Subsystems] Discovering subsystems at path C:/Program Files/Unity/Hub/Editor/2020.3.7f1/Editor/Data/Resources/UnitySubsystems
[Subsystems] Discovering subsystems at path C:/Users/pasch/OneDrive/Έγγραφα/GitHub/Data-Persistence-Project/Assets
GfxDevice: creating device client; threaded=0
Direct3D:
    Version:  Direct3D 11.0 [level 11.0]
    Renderer: NVIDIA Quadro K2100M (ID=0x11fc)
    Vendor:   
    VRAM:     2018 MB
    Driver:   23.21.13.8908
Shader 'Universal Render Pipeline/Particles/Lit': fallback shader 'Universal Render Pipeline/Particles/SimpleLit' not found
Initialize mono
Mono path[0] = 'C:/Program Files/Unity/Hub/Editor/2020.3.7f1/Editor/Data/Managed'
Mono path[1] = 'C:/Program Files/Unity/Hub/Editor/2020.3.7f1/Editor/Data/MonoBleedingEdge/lib/mono/unityjit'
Mono config path = 'C:/Program Files/Unity/Hub/Editor/2020.3.7f1/Editor/Data/MonoBleedingEdge/etc'
Using monoOptions --debugger-agent=transport=dt_socket,embedding=1,server=y,suspend=n,address=127.0.0.1:56544
Begin MonoManager ReloadAssembly
Registering precompiled unity dll's ...
Register platform support module: C:/Program Files/Unity/Hub/Editor/2020.3.7f1/Editor/Data/PlaybackEngines/WebGLSupport/UnityEditor.WebGL.Extensions.dll
Register platform support module: C:/Program Files/Unity/Hub/Editor/2020.3.7f1/Editor/Data/PlaybackEngines/WindowsStandaloneSupport/UnityEditor.WindowsStandalone.Extensions.dll
Registered in 0.002455 seconds.
Native extension for WindowsStandalone target not found
Native extension for WebGL target not found
Refreshing native plugins compatible for Editor in 51.95 ms, found 0 plugins.
Preloading 0 native plugins for Editor in 0.00 ms.
Mono: successfully reloaded assembly
- Completed reload, in  1.278 seconds
Platform modules already initialized, skipping
Registering precompiled user dll's ...
Registered in 0.001599 seconds.
Begin MonoManager ReloadAssembly
Native extension for WindowsStandalone target not found
Native extension for WebGL target not found
Refreshing native plugins compatible for Editor in 45.59 ms, found 0 plugins.
Preloading 0 native plugins for Editor in 0.00 ms.
Mono: successfully reloaded assembly
- Completed reload, in  1.227 seconds
Platform modules already initialized, skipping
========================================================================
Worker process is ready to serve import requests
Shader 'Universal Render Pipeline/Particles/Lit': fallback shader 'Universal Render Pipeline/Particles/SimpleLit' not found
Launched and connected shader compiler UnityShaderCompiler.exe after 0.06 seconds
Refreshing native plugins compatible for Editor in 0.44 ms, found 0 plugins.
Preloading 0 native plugins for Editor in 0.00 ms.
Unloading 2440 Unused Serialized files (Serialized files now loaded: 0)
System memory in use before: 115.9 MB.
System memory in use after: 116.1 MB.

Unloading 11 unused Assets to reduce memory usage. Loaded Objects now: 2881.
Total: 5.466200 ms (FindLiveObjects: 0.531500 ms CreateObjectMapping: 0.258400 ms MarkObjects: 4.575000 ms  DeleteObjects: 0.098700 ms)

========================================================================
Received Import Request.
  path: Assets/Scripts/InputManager.cs
  artifactKey: Guid(a2fbfd72d992c8249bca51214da1a003) Importer(815301076,1909f56bfc062723c751e8b465ee728b)
Start importing Assets/Scripts/InputManager.cs using Guid(a2fbfd72d992c8249bca51214da1a003) Importer(815301076,1909f56bfc062723c751e8b465ee728b)  -> (artifact id: 'e79752f6ab9ec74e0852c0b91ad606e4') in 0.045456 seconds
  Import took 0.049954 seconds .

========================================================================
Received Prepare
Registering precompiled user dll's ...
Registered in 0.001910 seconds.
Begin MonoManager ReloadAssembly
Native extension for WindowsStandalone target not found
Native extension for WebGL target not found
Refreshing native plugins compatible for Editor in 0.46 ms, found 0 plugins.
Preloading 0 native plugins for Editor in 0.00 ms.
Mono: successfully reloaded assembly
- Completed reload, in  1.006 seconds
Platform modules already initialized, skipping
Shader 'Universal Render Pipeline/Particles/Lit': fallback shader 'Universal Render Pipeline/Particles/SimpleLit' not found
Refreshing native plugins compatible for Editor in 0.44 ms, found 0 plugins.
Preloading 0 native plugins for Editor in 0.00 ms.
Unloading 2316 Unused Serialized files (Serialized files now loaded: 0)
System memory in use before: 107.7 MB.
System memory in use after: 107.9 MB.

Unloading 6 unused Assets to reduce memory usage. Loaded Objects now: 2883.
Total: 2.314000 ms (FindLiveObjects: 0.237500 ms CreateObjectMapping: 0.105000 ms MarkObjects: 1.951000 ms  DeleteObjects: 0.019100 ms)

========================================================================
Received Prepare
Registering precompiled user dll's ...
Registered in 0.001531 seconds.
Begin MonoManager ReloadAssembly
Native extension for WindowsStandalone target not found
Native extension for WebGL target not found
Refreshing native plugins compatible for Editor in 0.44 ms, found 0 plugins.
Preloading 0 native plugins for Editor in 0.00 ms.
Mono: successfully reloaded assembly
- Completed reload, in  0.934 seconds
Platform modules already initialized, skipping
Shader 'Universal Render Pipeline/Particles/Lit': fallback shader 'Universal Render Pipeline/Particles/SimpleLit' not found
Refreshing native plugins compatible for Editor in 0.55 ms, found 0 plugins.
Preloading 0 native plugins for Editor in 0.00 ms.
Unloading 2316 Unused Serialized files (Serialized files now loaded: 0)
System memory in use before: 107.7 MB.
System memory in use after: 107.9 MB.

Unloading 5 unused Assets to reduce memory usage. Loaded Objects now: 2886.
Total: 4.539700 ms (FindLiveObjects: 0.673600 ms CreateObjectMapping: 0.317100 ms MarkObjects: 3.522600 ms  DeleteObjects: 0.023000 ms)

========================================================================
Received Import Request.
  Time since last request: 106.355314 seconds.
  path: Assets/Scenes/main.unity
  artifactKey: Guid(78a510c781f19db4da14f78ebb30946a) Importer(815301076,1909f56bfc062723c751e8b465ee728b)
Start importing Assets/Scenes/main.unity using Guid(78a510c781f19db4da14f78ebb30946a) Importer(815301076,1909f56bfc062723c751e8b465ee728b)  -> (artifact id: 'de03351871890bac17c36d45ab2194b8') in 0.021981 seconds
  Import took 0.027519 seconds .

========================================================================
Received Prepare
Registering precompiled user dll's ...
Registered in 0.001742 seconds.
Begin MonoManager ReloadAssembly
Native extension for WindowsStandalone target not found
Native extension for WebGL target not found
Refreshing native plugins compatible for Editor in 0.54 ms, found 0 plugins.
Preloading 0 native plugins for Editor in 0.00 ms.
Mono: successfully reloaded assembly
- Completed reload, in  1.301 seconds
Platform modules already initialized, skipping
Shader 'Universal Render Pipeline/Particles/Lit': fallback shader 'Universal Render Pipeline/Particles/SimpleLit' not found
Refreshing native plugins compatible for Editor in 0.56 ms, found 0 plugins.
Preloading 0 native plugins for Editor in 0.00 ms.
Unloading 2316 Unused Serialized files (Serialized files now loaded: 0)
System memory in use before: 107.7 MB.
System memory in use after: 108.0 MB.

Unloading 5 unused Assets to reduce memory usage. Loaded Objects now: 2889.
Total: 4.702500 ms (FindLiveObjects: 0.411200 ms CreateObjectMapping: 0.277200 ms MarkObjects: 3.986300 ms  DeleteObjects: 0.024100 ms)

========================================================================
Received Import Request.
  Time since last request: 1105.020060 seconds.
  path: Assets/Scenes
  artifactKey: Guid(b3d8a22b2eaae1048a5db3be5ce09cb2) Importer(815301076,1909f56bfc062723c751e8b465ee728b)
Start importing Assets/Scenes using Guid(b3d8a22b2eaae1048a5db3be5ce09cb2) Importer(815301076,1909f56bfc062723c751e8b465ee728b)  -> (artifact id: 'c2436d515bf46b218cc8ff835d26ba5b') in 0.029272 seconds
  Import took 0.037353 seconds .

========================================================================
Received Import Request.
  Time since last request: 11.755109 seconds.
  path: Assets/Scenes/NameTransfer.cs
  artifactKey: Guid(e84e2ba7ff6adb648865a6e83402d806) Importer(815301076,1909f56bfc062723c751e8b465ee728b)
Start importing Assets/Scenes/NameTransfer.cs using Guid(e84e2ba7ff6adb648865a6e83402d806) Importer(815301076,1909f56bfc062723c751e8b465ee728b)  -> (artifact id: 'af45d13d1a8466b88ff349ccfb640af4') in 0.017639 seconds
  Import took 0.024379 seconds .

========================================================================
Received Import Request.
  Time since last request: 0.001911 seconds.
  path: Assets/Scenes/NameTransfer.cs
  artifactKey: Guid(e84e2ba7ff6adb648865a6e83402d806) Importer(815301076,1909f56bfc062723c751e8b465ee728b)
Start importing Assets/Scenes/NameTransfer.cs using Guid(e84e2ba7ff6adb648865a6e83402d806) Importer(815301076,1909f56bfc062723c751e8b465ee728b)  -> (artifact id: 'af45d13d1a8466b88ff349ccfb640af4') in 0.006638 seconds
  Import took 0.014444 seconds .

========================================================================
Received Prepare
Registering precompiled user dll's ...
Registered in 0.001775 seconds.
Begin MonoManager ReloadAssembly
Native extension for WindowsStandalone target not found
Native extension for WebGL target not found
Refreshing native plugins compatible for Editor in 0.58 ms, found 0 plugins.
Preloading 0 native plugins for Editor in 0.00 ms.
Mono: successfully reloaded assembly
- Completed reload, in  1.548 seconds
Platform modules already initialized, skipping
Shader 'Universal Render Pipeline/Particles/Lit': fallback shader 'Universal Render Pipeline/Particles/SimpleLit' not found
Refreshing native plugins compatible for Editor in 0.53 ms, found 0 plugins.
Preloading 0 native plugins for Editor in 0.00 ms.
Unloading 2317 Unused Serialized files (Serialized files now loaded: 0)
System memory in use before: 107.8 MB.
System memory in use after: 108.0 MB.

Unloading 5 unused Assets to reduce memory usage. Loaded Objects now: 2893.
Total: 4.139000 ms (FindLiveObjects: 0.497900 ms CreateObjectMapping: 0.430200 ms MarkObjects: 3.147300 ms  DeleteObjects: 0.061100 ms)

========================================================================
Received Prepare
Registering precompiled user dll's ...
Registered in 0.002114 seconds.
Begin MonoManager ReloadAssembly
Native extension for WindowsStandalone target not found
Native extension for WebGL target not found
Refreshing native plugins compatible for Editor in 0.63 ms, found 0 plugins.
Preloading 0 native plugins for Editor in 0.00 ms.
Mono: successfully reloaded assembly
- Completed reload, in  1.278 seconds
Platform modules already initialized, skipping
Shader 'Universal Render Pipeline/Particles/Lit': fallback shader 'Universal Render Pipeline/Particles/SimpleLit' not found
Refreshing native plugins compatible for Editor in 0.78 ms, found 0 plugins.
Preloading 0 native plugins for Editor in 0.00 ms.
Unloading 2317 Unused Serialized files (Serialized files now loaded: 0)
System memory in use before: 107.7 MB.
System memory in use after: 107.9 MB.

Unloading 5 unused Assets to reduce memory usage. Loaded Objects now: 2896.
Total: 5.197900 ms (FindLiveObjects: 0.355900 ms CreateObjectMapping: 0.270700 ms MarkObjects: 4.539200 ms  DeleteObjects: 0.030400 ms)

========================================================================
Received Import Request.
  Time since last request: 211.514971 seconds.
  path: Assets/Scenes/NameTransfer.cs
  artifactKey: Guid(e84e2ba7ff6adb648865a6e83402d806) Importer(815301076,1909f56bfc062723c751e8b465ee728b)
Start importing Assets/Scenes/NameTransfer.cs using Guid(e84e2ba7ff6adb648865a6e83402d806) Importer(815301076,1909f56bfc062723c751e8b465ee728b)  -> (artifact id: '655b19edeef5922e41a6bf8702119fd1') in 0.012870 seconds
  Import took 0.022429 seconds .

========================================================================
Received Import Request.
  Time since last request: 33.307172 seconds.
  path: Assets/Scripts/MenuUIHandler.cs
  artifactKey: Guid(77539e69c43e9cc4fbc1173e0581ab37) Importer(815301076,1909f56bfc062723c751e8b465ee728b)
Start importing Assets/Scripts/MenuUIHandler.cs using Guid(77539e69c43e9cc4fbc1173e0581ab37) Importer(815301076,1909f56bfc062723c751e8b465ee728b)  -> (artifact id: '5b03d84d4c5e0aaa441a9a70a1a1b0c3') in 0.014000 seconds
  Import took 0.020464 seconds .

========================================================================
Received Import Request.
  Time since last request: 0.022729 seconds.
  path: Assets/Scripts/MenuUIHandler.cs
  artifactKey: Guid(77539e69c43e9cc4fbc1173e0581ab37) Importer(815301076,1909f56bfc062723c751e8b465ee728b)
Start importing Assets/Scripts/MenuUIHandler.cs using Guid(77539e69c43e9cc4fbc1173e0581ab37) Importer(815301076,1909f56bfc062723c751e8b465ee728b)  -> (artifact id: '5b03d84d4c5e0aaa441a9a70a1a1b0c3') in 0.006386 seconds
  Import took 0.012526 seconds .

========================================================================
Received Prepare
Registering precompiled user dll's ...
Registered in 0.002149 seconds.
Begin MonoManager ReloadAssembly
Native extension for WindowsStandalone target not found
Native extension for WebGL target not found
Refreshing native plugins compatible for Editor in 0.48 ms, found 0 plugins.
Preloading 0 native plugins for Editor in 0.00 ms.
Mono: successfully reloaded assembly
- Completed reload, in  1.216 seconds
Platform modules already initialized, skipping
Shader 'Universal Render Pipeline/Particles/Lit': fallback shader 'Universal Render Pipeline/Particles/SimpleLit' not found
Refreshing native plugins compatible for Editor in 0.53 ms, found 0 plugins.
Preloading 0 native plugins for Editor in 0.00 ms.
Unloading 2317 Unused Serialized files (Serialized files now loaded: 0)
System memory in use before: 107.8 MB.
System memory in use after: 108.0 MB.

Unloading 5 unused Assets to reduce memory usage. Loaded Objects now: 2899.
Total: 3.275300 ms (FindLiveObjects: 0.436100 ms CreateObjectMapping: 0.153400 ms MarkObjects: 2.650700 ms  DeleteObjects: 0.033500 ms)

========================================================================
Received Prepare
Registering precompiled user dll's ...
Registered in 0.001750 seconds.
Begin MonoManager ReloadAssembly
Native extension for WindowsStandalone target not found
Native extension for WebGL target not found
Refreshing native plugins compatible for Editor in 0.51 ms, found 0 plugins.
Preloading 0 native plugins for Editor in 0.00 ms.
Mono: successfully reloaded assembly
- Completed reload, in  1.195 seconds
Platform modules already initialized, skipping
Shader 'Universal Render Pipeline/Particles/Lit': fallback shader 'Universal Render Pipeline/Particles/SimpleLit' not found
Refreshing native plugins compatible for Editor in 0.55 ms, found 0 plugins.
Preloading 0 native plugins for Editor in 0.00 ms.
Unloading 2317 Unused Serialized files (Serialized files now loaded: 0)
System memory in use before: 107.8 MB.
System memory in use after: 108.0 MB.

Unloading 5 unused Assets to reduce memory usage. Loaded Objects now: 2902.
Total: 4.634500 ms (FindLiveObjects: 0.536100 ms CreateObjectMapping: 0.296400 ms MarkObjects: 3.781400 ms  DeleteObjects: 0.019200 ms)

========================================================================
Received Prepare
Registering precompiled user dll's ...
Registered in 0.002352 seconds.
Begin MonoManager ReloadAssembly
Native extension for WindowsStandalone target not found
Native extension for WebGL target not found
Refreshing native plugins compatible for Editor in 0.48 ms, found 0 plugins.
Preloading 0 native plugins for Editor in 0.00 ms.
Mono: successfully reloaded assembly
- Completed reload, in  1.200 seconds
Platform modules already initialized, skipping
Shader 'Universal Render Pipeline/Particles/Lit': fallback shader 'Universal Render Pipeline/Particles/SimpleLit' not found
Refreshing native plugins compatible for Editor in 0.52 ms, found 0 plugins.
Preloading 0 native plugins for Editor in 0.00 ms.
Unloading 2317 Unused Serialized files (Serialized files now loaded: 0)
System memory in use before: 107.8 MB.
System memory in use after: 108.0 MB.

Unloading 5 unused Assets to reduce memory usage. Loaded Objects now: 2905.
Total: 2.680400 ms (FindLiveObjects: 0.302000 ms CreateObjectMapping: 0.136000 ms MarkObjects: 2.207400 ms  DeleteObjects: 0.033900 ms)

========================================================================
Received Prepare
Registering precompiled user dll's ...
Registered in 0.002082 seconds.
Begin MonoManager ReloadAssembly
Native extension for WindowsStandalone target not found
Native extension for WebGL target not found
Refreshing native plugins compatible for Editor in 0.51 ms, found 0 plugins.
Preloading 0 native plugins for Editor in 0.00 ms.
Mono: successfully reloaded assembly
- Completed reload, in  1.462 seconds
Platform modules already initialized, skipping
Shader 'Universal Render Pipeline/Particles/Lit': fallback shader 'Universal Render Pipeline/Particles/SimpleLit' not found
Refreshing native plugins compatible for Editor in 0.62 ms, found 0 plugins.
Preloading 0 native plugins for Editor in 0.00 ms.
Unloading 2317 Unused Serialized files (Serialized files now loaded: 0)
System memory in use before: 107.8 MB.
System memory in use after: 108.0 MB.

Unloading 5 unused Assets to reduce memory usage. Loaded Objects now: 2908.
Total: 3.758500 ms (FindLiveObjects: 0.425400 ms CreateObjectMapping: 0.224900 ms MarkObjects: 3.066400 ms  DeleteObjects: 0.039500 ms)

========================================================================
Received Prepare
Registering precompiled user dll's ...
Registered in 0.002020 seconds.
Begin MonoManager ReloadAssembly
Native extension for WindowsStandalone target not found
Native extension for WebGL target not found
Refreshing native plugins compatible for Editor in 0.46 ms, found 0 plugins.
Preloading 0 native plugins for Editor in 0.00 ms.
Mono: successfully reloaded assembly
- Completed reload, in  1.172 seconds
Platform modules already initialized, skipping
Shader 'Universal Render Pipeline/Particles/Lit': fallback shader 'Universal Render Pipeline/Particles/SimpleLit' not found
Refreshing native plugins compatible for Editor in 0.55 ms, found 0 plugins.
Preloading 0 native plugins for Editor in 0.00 ms.
Unloading 2317 Unused Serialized files (Serialized files now loaded: 0)
System memory in use before: 107.7 MB.
System memory in use after: 107.9 MB.

Unloading 5 unused Assets to reduce memory usage. Loaded Objects now: 2911.
Total: 2.876100 ms (FindLiveObjects: 0.341400 ms CreateObjectMapping: 0.130900 ms MarkObjects: 2.363700 ms  DeleteObjects: 0.038300 ms)

========================================================================
Received Prepare
Registering precompiled user dll's ...
Registered in 0.002485 seconds.
Begin MonoManager ReloadAssembly
Native extension for WindowsStandalone target not found
Native extension for WebGL target not found
Refreshing native plugins compatible for Editor in 0.58 ms, found 0 plugins.
Preloading 0 native plugins for Editor in 0.00 ms.
Mono: successfully reloaded assembly
- Completed reload, in  1.373 seconds
Platform modules already initialized, skipping
Shader 'Universal Render Pipeline/Particles/Lit': fallback shader 'Universal Render Pipeline/Particles/SimpleLit' not found
Refreshing native plugins compatible for Editor in 0.61 ms, found 0 plugins.
Preloading 0 native plugins for Editor in 0.00 ms.
Unloading 2317 Unused Serialized files (Serialized files now loaded: 0)
System memory in use before: 107.8 MB.
System memory in use after: 108.0 MB.

Unloading 5 unused Assets to reduce memory usage. Loaded Objects now: 2914.
Total: 3.230100 ms (FindLiveObjects: 0.322000 ms CreateObjectMapping: 0.133400 ms MarkObjects: 2.749400 ms  DeleteObjects: 0.023700 ms)

========================================================================
Received Import Request.
  Time since last request: 1240.201852 seconds.
  path: Assets/Prefabs/MainManager.prefab
  artifactKey: Guid(cb5bf241187eecb46b1a78d5e9370f9e) Importer(815301076,1909f56bfc062723c751e8b465ee728b)
Start importing Assets/Prefabs/MainManager.prefab using Guid(cb5bf241187eecb46b1a78d5e9370f9e) Importer(815301076,1909f56bfc062723c751e8b465ee728b)  -> (artifact id: 'b471e68882fa1e8166c17bd3ae68b896') in 0.050838 seconds
  Import took 0.056774 seconds .

========================================================================
Received Prepare
Registering precompiled user dll's ...
Registered in 0.002076 seconds.
Begin MonoManager ReloadAssembly
Native extension for WindowsStandalone target not found
Native extension for WebGL target not found
Refreshing native plugins compatible for Editor in 0.50 ms, found 0 plugins.
Preloading 0 native plugins for Editor in 0.00 ms.
Mono: successfully reloaded assembly
- Completed reload, in  1.171 seconds
Platform modules already initialized, skipping
Shader 'Universal Render Pipeline/Particles/Lit': fallback shader 'Universal Render Pipeline/Particles/SimpleLit' not found
Refreshing native plugins compatible for Editor in 0.54 ms, found 0 plugins.
Preloading 0 native plugins for Editor in 0.00 ms.
Unloading 2317 Unused Serialized files (Serialized files now loaded: 0)
System memory in use before: 107.9 MB.
System memory in use after: 108.1 MB.

Unloading 5 unused Assets to reduce memory usage. Loaded Objects now: 2918.
Total: 4.715700 ms (FindLiveObjects: 0.486300 ms CreateObjectMapping: 0.171500 ms MarkObjects: 4.036300 ms  DeleteObjects: 0.019700 ms)

========================================================================
Received Prepare
Registering precompiled user dll's ...
Registered in 0.001814 seconds.
Begin MonoManager ReloadAssembly
Native extension for WindowsStandalone target not found
Native extension for WebGL target not found
Refreshing native plugins compatible for Editor in 0.61 ms, found 0 plugins.
Preloading 0 native plugins for Editor in 0.00 ms.
Mono: successfully reloaded assembly
- Completed reload, in  1.253 seconds
Platform modules already initialized, skipping
Shader 'Universal Render Pipeline/Particles/Lit': fallback shader 'Universal Render Pipeline/Particles/SimpleLit' not found
Refreshing native plugins compatible for Editor in 0.62 ms, found 0 plugins.
Preloading 0 native plugins for Editor in 0.00 ms.
Unloading 2317 Unused Serialized files (Serialized files now loaded: 0)
System memory in use before: 107.9 MB.
System memory in use after: 108.1 MB.

Unloading 5 unused Assets to reduce memory usage. Loaded Objects now: 2921.
Total: 3.147300 ms (FindLiveObjects: 0.395600 ms CreateObjectMapping: 0.160300 ms MarkObjects: 2.555100 ms  DeleteObjects: 0.035100 ms)

========================================================================
Received Import Request.
  Time since last request: 29.537636 seconds.
  path: Assets/Scenes/StartScene.unity
  artifactKey: Guid(4415b707e8f26c947b339da868f9a141) Importer(815301076,1909f56bfc062723c751e8b465ee728b)
Start importing Assets/Scenes/StartScene.unity using Guid(4415b707e8f26c947b339da868f9a141) Importer(815301076,1909f56bfc062723c751e8b465ee728b)  -> (artifact id: 'a85eb3cd2b219846b7f29e0c627ef10b') in 0.027005 seconds
  Import took 0.032480 seconds .

========================================================================
Received Import Request.
  Time since last request: 111.385620 seconds.
  path: Assets/Scripts/MainManager.cs
  artifactKey: Guid(d110623a642692246a42fbc2d8d89884) Importer(815301076,1909f56bfc062723c751e8b465ee728b)
Start importing Assets/Scripts/MainManager.cs using Guid(d110623a642692246a42fbc2d8d89884) Importer(815301076,1909f56bfc062723c751e8b465ee728b)  -> (artifact id: '8b30bd2211d220fa6d65e4e4594f505e') in 0.005454 seconds
  Import took 0.012868 seconds .

========================================================================
Received Import Request.
  Time since last request: 0.036732 seconds.
  path: Assets/Scripts/MainManager.cs
  artifactKey: Guid(d110623a642692246a42fbc2d8d89884) Importer(815301076,1909f56bfc062723c751e8b465ee728b)
Start importing Assets/Scripts/MainManager.cs using Guid(d110623a642692246a42fbc2d8d89884) Importer(815301076,1909f56bfc062723c751e8b465ee728b)  -> (artifact id: '8b30bd2211d220fa6d65e4e4594f505e') in 0.007795 seconds
  Import took 0.014312 seconds .

========================================================================
Received Import Request.
  Time since last request: 108.358285 seconds.
  path: Assets/Scripts/NameTransfer.cs
  artifactKey: Guid(e84e2ba7ff6adb648865a6e83402d806) Importer(815301076,1909f56bfc062723c751e8b465ee728b)
Start importing Assets/Scripts/NameTransfer.cs using Guid(e84e2ba7ff6adb648865a6e83402d806) Importer(815301076,1909f56bfc062723c751e8b465ee728b)  -> (artifact id: '5e3d7b7f81cdbbbde25a66494e43a496') in 0.007936 seconds
  Import took 0.014743 seconds .

========================================================================
Received Import Request.
  Time since last request: 0.002115 seconds.
  path: Assets/Scripts/NameTransfer.cs
  artifactKey: Guid(e84e2ba7ff6adb648865a6e83402d806) Importer(815301076,1909f56bfc062723c751e8b465ee728b)
Start importing Assets/Scripts/NameTransfer.cs using Guid(e84e2ba7ff6adb648865a6e83402d806) Importer(815301076,1909f56bfc062723c751e8b465ee728b)  -> (artifact id: '5e3d7b7f81cdbbbde25a66494e43a496') in 0.007808 seconds
  Import took 0.015230 seconds .

========================================================================
Received Prepare
Registering precompiled user dll's ...
Registered in 0.002077 seconds.
Begin MonoManager ReloadAssembly
Native extension for WindowsStandalone target not found
Native extension for WebGL target not found
Refreshing native plugins compatible for Editor in 0.51 ms, found 0 plugins.
Preloading 0 native plugins for Editor in 0.00 ms.
Mono: successfully reloaded assembly
- Completed reload, in  1.138 seconds
Platform modules already initialized, skipping
Shader 'Universal Render Pipeline/Particles/Lit': fallback shader 'Universal Render Pipeline/Particles/SimpleLit' not found
Refreshing native plugins compatible for Editor in 0.50 ms, found 0 plugins.
Preloading 0 native plugins for Editor in 0.00 ms.
Unloading 2317 Unused Serialized files (Serialized files now loaded: 0)
System memory in use before: 107.9 MB.
System memory in use after: 108.1 MB.

Unloading 5 unused Assets to reduce memory usage. Loaded Objects now: 2924.
Total: 2.990600 ms (FindLiveObjects: 0.313400 ms CreateObjectMapping: 0.129800 ms MarkObjects: 2.523100 ms  DeleteObjects: 0.023100 ms)

========================================================================
Received Prepare
Registering precompiled user dll's ...
Registered in 0.002079 seconds.
Begin MonoManager ReloadAssembly
Native extension for WindowsStandalone target not found
Native extension for WebGL target not found
Refreshing native plugins compatible for Editor in 0.80 ms, found 0 plugins.
Preloading 0 native plugins for Editor in 0.00 ms.
Mono: successfully reloaded assembly
- Completed reload, in  1.451 seconds
Platform modules already initialized, skipping
Shader 'Universal Render Pipeline/Particles/Lit': fallback shader 'Universal Render Pipeline/Particles/SimpleLit' not found
Refreshing native plugins compatible for Editor in 0.58 ms, found 0 plugins.
Preloading 0 native plugins for Editor in 0.00 ms.
Unloading 2318 Unused Serialized files (Serialized files now loaded: 0)
System memory in use before: 107.8 MB.
System memory in use after: 108.0 MB.

Unloading 5 unused Assets to reduce memory usage. Loaded Objects now: 2928.
Total: 3.218700 ms (FindLiveObjects: 0.347000 ms CreateObjectMapping: 0.158500 ms MarkObjects: 2.674600 ms  DeleteObjects: 0.036900 ms)

========================================================================
Received Import Request.
  Time since last request: 404.809393 seconds.
  path: Assets/PresistanceManager.cs
  artifactKey: Guid(dbe858e28aa1c6045848633db34cf6b9) Importer(815301076,1909f56bfc062723c751e8b465ee728b)
Start importing Assets/PresistanceManager.cs using Guid(dbe858e28aa1c6045848633db34cf6b9) Importer(815301076,1909f56bfc062723c751e8b465ee728b)  -> (artifact id: 'f8d36e977c60c8251b76e262f25ff22c') in 0.018217 seconds
  Import took 0.024631 seconds .

========================================================================
Received Import Request.
  Time since last request: 0.001223 seconds.
  path: Assets/PresistanceManager.cs
  artifactKey: Guid(dbe858e28aa1c6045848633db34cf6b9) Importer(815301076,1909f56bfc062723c751e8b465ee728b)
Start importing Assets/PresistanceManager.cs using Guid(dbe858e28aa1c6045848633db34cf6b9) Importer(815301076,1909f56bfc062723c751e8b465ee728b)  -> (artifact id: 'f8d36e977c60c8251b76e262f25ff22c') in 0.007333 seconds
  Import took 0.013708 seconds .

========================================================================
Received Prepare
Registering precompiled user dll's ...
Registered in 0.002496 seconds.
Begin MonoManager ReloadAssembly
Native extension for WindowsStandalone target not found
Native extension for WebGL target not found
Refreshing native plugins compatible for Editor in 0.55 ms, found 0 plugins.
Preloading 0 native plugins for Editor in 0.00 ms.
Mono: successfully reloaded assembly
- Completed reload, in  1.217 seconds
Platform modules already initialized, skipping
Shader 'Universal Render Pipeline/Particles/Lit': fallback shader 'Universal Render Pipeline/Particles/SimpleLit' not found
Refreshing native plugins compatible for Editor in 0.53 ms, found 0 plugins.
Preloading 0 native plugins for Editor in 0.00 ms.
Unloading 2318 Unused Serialized files (Serialized files now loaded: 0)
System memory in use before: 107.9 MB.
System memory in use after: 108.1 MB.

Unloading 5 unused Assets to reduce memory usage. Loaded Objects now: 2931.
Total: 3.148500 ms (FindLiveObjects: 0.273100 ms CreateObjectMapping: 0.130300 ms MarkObjects: 2.718400 ms  DeleteObjects: 0.025400 ms)

========================================================================
Received Import Request.
  Time since last request: 22.517107 seconds.
  path: Assets/PresistanceManager.cs
  artifactKey: Guid(dbe858e28aa1c6045848633db34cf6b9) Importer(815301076,1909f56bfc062723c751e8b465ee728b)
Start importing Assets/PresistanceManager.cs using Guid(dbe858e28aa1c6045848633db34cf6b9) Importer(815301076,1909f56bfc062723c751e8b465ee728b)  -> (artifact id: '1235b8b6b70ecf3466cfc5f3085e5e9f') in 0.009543 seconds
  Import took 0.014984 seconds .

========================================================================
Received Prepare
Registering precompiled user dll's ...
Registered in 0.002021 seconds.
Begin MonoManager ReloadAssembly
Native extension for WindowsStandalone target not found
Native extension for WebGL target not found
Refreshing native plugins compatible for Editor in 0.51 ms, found 0 plugins.
Preloading 0 native plugins for Editor in 0.00 ms.
Mono: successfully reloaded assembly
- Completed reload, in  1.312 seconds
Platform modules already initialized, skipping
Shader 'Universal Render Pipeline/Particles/Lit': fallback shader 'Universal Render Pipeline/Particles/SimpleLit' not found
Refreshing native plugins compatible for Editor in 0.53 ms, found 0 plugins.
Preloading 0 native plugins for Editor in 0.00 ms.
Unloading 2316 Unused Serialized files (Serialized files now loaded: 0)
System memory in use before: 107.9 MB.
System memory in use after: 108.1 MB.

Unloading 7 unused Assets to reduce memory usage. Loaded Objects now: 2932.
Total: 3.043400 ms (FindLiveObjects: 0.361700 ms CreateObjectMapping: 0.142300 ms MarkObjects: 2.492700 ms  DeleteObjects: 0.045300 ms)

========================================================================
Received Prepare
Registering precompiled user dll's ...
Registered in 0.002075 seconds.
Begin MonoManager ReloadAssembly
Native extension for WindowsStandalone target not found
Native extension for WebGL target not found
Refreshing native plugins compatible for Editor in 0.58 ms, found 0 plugins.
Preloading 0 native plugins for Editor in 0.00 ms.
Mono: successfully reloaded assembly
- Completed reload, in  1.266 seconds
Platform modules already initialized, skipping
Shader 'Universal Render Pipeline/Particles/Lit': fallback shader 'Universal Render Pipeline/Particles/SimpleLit' not found
Refreshing native plugins compatible for Editor in 0.52 ms, found 0 plugins.
Preloading 0 native plugins for Editor in 0.00 ms.
Unloading 2316 Unused Serialized files (Serialized files now loaded: 0)
System memory in use before: 107.9 MB.
System memory in use after: 108.1 MB.

Unloading 5 unused Assets to reduce memory usage. Loaded Objects now: 2935.
Total: 3.036400 ms (FindLiveObjects: 0.286900 ms CreateObjectMapping: 0.129200 ms MarkObjects: 2.600300 ms  DeleteObjects: 0.018000 ms)

========================================================================
Received Prepare
Registering precompiled user dll's ...
Registered in 0.002083 seconds.
Begin MonoManager ReloadAssembly
Native extension for WindowsStandalone target not found
Native extension for WebGL target not found
Refreshing native plugins compatible for Editor in 0.52 ms, found 0 plugins.
Preloading 0 native plugins for Editor in 0.00 ms.
Mono: successfully reloaded assembly
- Completed reload, in  1.438 seconds
Platform modules already initialized, skipping
Shader 'Universal Render Pipeline/Particles/Lit': fallback shader 'Universal Render Pipeline/Particles/SimpleLit' not found
Refreshing native plugins compatible for Editor in 0.53 ms, found 0 plugins.
Preloading 0 native plugins for Editor in 0.00 ms.
Unloading 2316 Unused Serialized files (Serialized files now loaded: 0)
System memory in use before: 107.9 MB.
System memory in use after: 108.1 MB.

Unloading 5 unused Assets to reduce memory usage. Loaded Objects now: 2938.
Total: 3.267300 ms (FindLiveObjects: 0.386700 ms CreateObjectMapping: 0.134400 ms MarkObjects: 2.701300 ms  DeleteObjects: 0.043100 ms)

========================================================================
Received Import Request.
  Time since last request: 266.061814 seconds.
  path: Assets/Scenes/main.unity
  artifactKey: Guid(78a510c781f19db4da14f78ebb30946a) Importer(815301076,1909f56bfc062723c751e8b465ee728b)
Start importing Assets/Scenes/main.unity using Guid(78a510c781f19db4da14f78ebb30946a) Importer(815301076,1909f56bfc062723c751e8b465ee728b)  -> (artifact id: '688f7abc687730cb83b26449ad83d131') in 0.029633 seconds
  Import took 0.035363 seconds .

========================================================================
Received Prepare
Registering precompiled user dll's ...
Registered in 0.002547 seconds.
Begin MonoManager ReloadAssembly
Native extension for WindowsStandalone target not found
Native extension for WebGL target not found
Refreshing native plugins compatible for Editor in 0.52 ms, found 0 plugins.
Preloading 0 native plugins for Editor in 0.00 ms.
Mono: successfully reloaded assembly
- Completed reload, in  1.211 seconds
Platform modules already initialized, skipping
Shader 'Universal Render Pipeline/Particles/Lit': fallback shader 'Universal Render Pipeline/Particles/SimpleLit' not found
Refreshing native plugins compatible for Editor in 0.53 ms, found 0 plugins.
Preloading 0 native plugins for Editor in 0.00 ms.
Unloading 2316 Unused Serialized files (Serialized files now loaded: 0)
System memory in use before: 107.8 MB.
System memory in use after: 108.0 MB.

Unloading 5 unused Assets to reduce memory usage. Loaded Objects now: 2941.
Total: 3.508900 ms (FindLiveObjects: 0.310200 ms CreateObjectMapping: 0.222000 ms MarkObjects: 2.945300 ms  DeleteObjects: 0.030300 ms)

========================================================================
Received Import Request.
  Time since last request: 102.699869 seconds.
  path: Assets/Scripts/MenuUIHandler.cs
  artifactKey: Guid(77539e69c43e9cc4fbc1173e0581ab37) Importer(815301076,1909f56bfc062723c751e8b465ee728b)
Start importing Assets/Scripts/MenuUIHandler.cs using Guid(77539e69c43e9cc4fbc1173e0581ab37) Importer(815301076,1909f56bfc062723c751e8b465ee728b)  -> (artifact id: 'd0dee24510cdce41f603fcda7b5e7add') in 0.009929 seconds
  Import took 0.016518 seconds .

========================================================================
Received Prepare
Registering precompiled user dll's ...
Registered in 0.002012 seconds.
Begin MonoManager ReloadAssembly
Native extension for WindowsStandalone target not found
Native extension for WebGL target not found
Refreshing native plugins compatible for Editor in 0.52 ms, found 0 plugins.
Preloading 0 native plugins for Editor in 0.00 ms.
Mono: successfully reloaded assembly
- Completed reload, in  1.322 seconds
Platform modules already initialized, skipping
Shader 'Universal Render Pipeline/Particles/Lit': fallback shader 'Universal Render Pipeline/Particles/SimpleLit' not found
Refreshing native plugins compatible for Editor in 0.54 ms, found 0 plugins.
Preloading 0 native plugins for Editor in 0.00 ms.
Unloading 2316 Unused Serialized files (Serialized files now loaded: 0)
System memory in use before: 107.9 MB.
System memory in use after: 108.1 MB.

Unloading 5 unused Assets to reduce memory usage. Loaded Objects now: 2944.
Total: 3.291200 ms (FindLiveObjects: 0.241500 ms CreateObjectMapping: 0.111000 ms MarkObjects: 2.905200 ms  DeleteObjects: 0.032200 ms)

========================================================================
Received Prepare
Registering precompiled user dll's ...
Registered in 0.001954 seconds.
Begin MonoManager ReloadAssembly
Native extension for WindowsStandalone target not found
Native extension for WebGL target not found
Refreshing native plugins compatible for Editor in 0.57 ms, found 0 plugins.
Preloading 0 native plugins for Editor in 0.00 ms.
Mono: successfully reloaded assembly
- Completed reload, in  1.227 seconds
Platform modules already initialized, skipping
Shader 'Universal Render Pipeline/Particles/Lit': fallback shader 'Universal Render Pipeline/Particles/SimpleLit' not found
Refreshing native plugins compatible for Editor in 0.53 ms, found 0 plugins.
Preloading 0 native plugins for Editor in 0.00 ms.
Unloading 2316 Unused Serialized files (Serialized files now loaded: 0)
System memory in use before: 107.9 MB.
System memory in use after: 108.1 MB.

Unloading 5 unused Assets to reduce memory usage. Loaded Objects now: 2947.
Total: 3.105600 ms (FindLiveObjects: 0.357200 ms CreateObjectMapping: 0.132800 ms MarkObjects: 2.576100 ms  DeleteObjects: 0.038300 ms)

========================================================================
Received Prepare
Registering precompiled user dll's ...
Registered in 0.003162 seconds.
Begin MonoManager ReloadAssembly
Native extension for WindowsStandalone target not found
Native extension for WebGL target not found
Refreshing native plugins compatible for Editor in 0.47 ms, found 0 plugins.
Preloading 0 native plugins for Editor in 0.00 ms.
Mono: successfully reloaded assembly
- Completed reload, in  1.247 seconds
Platform modules already initialized, skipping
Shader 'Universal Render Pipeline/Particles/Lit': fallback shader 'Universal Render Pipeline/Particles/SimpleLit' not found
Refreshing native plugins compatible for Editor in 0.55 ms, found 0 plugins.
Preloading 0 native plugins for Editor in 0.00 ms.
Unloading 2317 Unused Serialized files (Serialized files now loaded: 0)
System memory in use before: 107.9 MB.
System memory in use after: 108.1 MB.

Unloading 5 unused Assets to reduce memory usage. Loaded Objects now: 2951.
Total: 3.608200 ms (FindLiveObjects: 0.371400 ms CreateObjectMapping: 0.153000 ms MarkObjects: 3.029000 ms  DeleteObjects: 0.053600 ms)

========================================================================
Received Import Request.
  Time since last request: 124.789073 seconds.
  path: Assets/MenuManager.cs
  artifactKey: Guid(3f02ea0ca49e5124a8e78a1da797d358) Importer(815301076,1909f56bfc062723c751e8b465ee728b)
Start importing Assets/MenuManager.cs using Guid(3f02ea0ca49e5124a8e78a1da797d358) Importer(815301076,1909f56bfc062723c751e8b465ee728b)  -> (artifact id: '0237836c8d8b92f9b4fc081f97135e77') in 0.018860 seconds
  Import took 0.024759 seconds .

========================================================================
Received Import Request.
  Time since last request: 0.002071 seconds.
  path: Assets/MenuManager.cs
  artifactKey: Guid(3f02ea0ca49e5124a8e78a1da797d358) Importer(815301076,1909f56bfc062723c751e8b465ee728b)
Start importing Assets/MenuManager.cs using Guid(3f02ea0ca49e5124a8e78a1da797d358) Importer(815301076,1909f56bfc062723c751e8b465ee728b)  -> (artifact id: '0237836c8d8b92f9b4fc081f97135e77') in 0.006001 seconds
  Import took 0.013315 seconds .

========================================================================
Received Prepare
Registering precompiled user dll's ...
Registered in 0.001919 seconds.
Begin MonoManager ReloadAssembly
Native extension for WindowsStandalone target not found
Native extension for WebGL target not found
Refreshing native plugins compatible for Editor in 0.47 ms, found 0 plugins.
Preloading 0 native plugins for Editor in 0.00 ms.
Mono: successfully reloaded assembly
- Completed reload, in  1.248 seconds
Platform modules already initialized, skipping
Shader 'Universal Render Pipeline/Particles/Lit': fallback shader 'Universal Render Pipeline/Particles/SimpleLit' not found
Refreshing native plugins compatible for Editor in 0.60 ms, found 0 plugins.
Preloading 0 native plugins for Editor in 0.01 ms.
Unloading 2317 Unused Serialized files (Serialized files now loaded: 0)
System memory in use before: 107.9 MB.
System memory in use after: 108.2 MB.

Unloading 5 unused Assets to reduce memory usage. Loaded Objects now: 2954.
Total: 3.649100 ms (FindLiveObjects: 0.378000 ms CreateObjectMapping: 0.165500 ms MarkObjects: 3.071900 ms  DeleteObjects: 0.032000 ms)

========================================================================
Received Import Request.
  Time since last request: 40.321806 seconds.
  path: Assets/MenuManager.cs
  artifactKey: Guid(3f02ea0ca49e5124a8e78a1da797d358) Importer(815301076,1909f56bfc062723c751e8b465ee728b)
Start importing Assets/MenuManager.cs using Guid(3f02ea0ca49e5124a8e78a1da797d358) Importer(815301076,1909f56bfc062723c751e8b465ee728b)  -> (artifact id: '05e4eb14f072ee6d95d1fab67859eb2c') in 0.010244 seconds
  Import took 0.015852 seconds .

========================================================================
Received Prepare
Registering precompiled user dll's ...
Registered in 0.002046 seconds.
Begin MonoManager ReloadAssembly
Native extension for WindowsStandalone target not found
Native extension for WebGL target not found
Refreshing native plugins compatible for Editor in 0.49 ms, found 0 plugins.
Preloading 0 native plugins for Editor in 0.00 ms.
Mono: successfully reloaded assembly
- Completed reload, in  1.293 seconds
Platform modules already initialized, skipping
Shader 'Universal Render Pipeline/Particles/Lit': fallback shader 'Universal Render Pipeline/Particles/SimpleLit' not found
Refreshing native plugins compatible for Editor in 0.53 ms, found 0 plugins.
Preloading 0 native plugins for Editor in 0.00 ms.
Unloading 2317 Unused Serialized files (Serialized files now loaded: 0)
System memory in use before: 107.8 MB.
System memory in use after: 108.1 MB.

Unloading 5 unused Assets to reduce memory usage. Loaded Objects now: 2957.
Total: 2.658500 ms (FindLiveObjects: 0.271200 ms CreateObjectMapping: 0.127600 ms MarkObjects: 2.227800 ms  DeleteObjects: 0.030800 ms)

========================================================================
Received Import Request.
  Time since last request: 133.358646 seconds.
  path: Assets/Scenes/StartScene.unity
  artifactKey: Guid(4415b707e8f26c947b339da868f9a141) Importer(815301076,1909f56bfc062723c751e8b465ee728b)
Start importing Assets/Scenes/StartScene.unity using Guid(4415b707e8f26c947b339da868f9a141) Importer(815301076,1909f56bfc062723c751e8b465ee728b)  -> (artifact id: '7fc5f498d48135549d52b9fc33518a29') in 0.018568 seconds
  Import took 0.024141 seconds .

========================================================================
Received Prepare
Registering precompiled user dll's ...
Registered in 0.002366 seconds.
Begin MonoManager ReloadAssembly
Native extension for WindowsStandalone target not found
Native extension for WebGL target not found
Refreshing native plugins compatible for Editor in 0.64 ms, found 0 plugins.
Preloading 0 native plugins for Editor in 0.00 ms.
Mono: successfully reloaded assembly
- Completed reload, in  1.383 seconds
Platform modules already initialized, skipping
Shader 'Universal Render Pipeline/Particles/Lit': fallback shader 'Universal Render Pipeline/Particles/SimpleLit' not found
Refreshing native plugins compatible for Editor in 0.50 ms, found 0 plugins.
Preloading 0 native plugins for Editor in 0.00 ms.
Unloading 2317 Unused Serialized files (Serialized files now loaded: 0)
System memory in use before: 108.0 MB.
System memory in use after: 108.2 MB.

Unloading 5 unused Assets to reduce memory usage. Loaded Objects now: 2960.
Total: 3.264100 ms (FindLiveObjects: 0.280300 ms CreateObjectMapping: 0.127600 ms MarkObjects: 2.794100 ms  DeleteObjects: 0.060300 ms)

========================================================================
Received Prepare
Registering precompiled user dll's ...
Registered in 0.002736 seconds.
Begin MonoManager ReloadAssembly
Native extension for WindowsStandalone target not found
Native extension for WebGL target not found
Refreshing native plugins compatible for Editor in 0.74 ms, found 0 plugins.
Preloading 0 native plugins for Editor in 0.00 ms.
Mono: successfully reloaded assembly
- Completed reload, in  1.234 seconds
Platform modules already initialized, skipping
Shader 'Universal Render Pipeline/Particles/Lit': fallback shader 'Universal Render Pipeline/Particles/SimpleLit' not found
Refreshing native plugins compatible for Editor in 0.54 ms, found 0 plugins.
Preloading 0 native plugins for Editor in 0.00 ms.
Unloading 2317 Unused Serialized files (Serialized files now loaded: 0)
System memory in use before: 108.0 MB.
System memory in use after: 108.2 MB.

Unloading 5 unused Assets to reduce memory usage. Loaded Objects now: 2963.
Total: 3.542200 ms (FindLiveObjects: 0.323400 ms CreateObjectMapping: 0.172600 ms MarkObjects: 3.022000 ms  DeleteObjects: 0.022900 ms)

========================================================================
Received Prepare
Registering precompiled user dll's ...
Registered in 0.001924 seconds.
Begin MonoManager ReloadAssembly
Native extension for WindowsStandalone target not found
Native extension for WebGL target not found
Refreshing native plugins compatible for Editor in 0.57 ms, found 0 plugins.
Preloading 0 native plugins for Editor in 0.00 ms.
Mono: successfully reloaded assembly
- Completed reload, in  1.230 seconds
Platform modules already initialized, skipping
Shader 'Universal Render Pipeline/Particles/Lit': fallback shader 'Universal Render Pipeline/Particles/SimpleLit' not found
Refreshing native plugins compatible for Editor in 0.53 ms, found 0 plugins.
Preloading 0 native plugins for Editor in 0.00 ms.
Unloading 2317 Unused Serialized files (Serialized files now loaded: 0)
System memory in use before: 108.0 MB.
System memory in use after: 108.2 MB.

Unloading 5 unused Assets to reduce memory usage. Loaded Objects now: 2966.
Total: 3.118700 ms (FindLiveObjects: 0.313700 ms CreateObjectMapping: 0.130000 ms MarkObjects: 2.641000 ms  DeleteObjects: 0.032800 ms)

========================================================================
Received Import Request.
  Time since last request: 445.520955 seconds.
  path: Assets/Scenes/StartScene.unity
  artifactKey: Guid(4415b707e8f26c947b339da868f9a141) Importer(815301076,1909f56bfc062723c751e8b465ee728b)
Start importing Assets/Scenes/StartScene.unity using Guid(4415b707e8f26c947b339da868f9a141) Importer(815301076,1909f56bfc062723c751e8b465ee728b)  -> (artifact id: 'a97fcc41fa4e2a2428acee570994854c') in 0.021467 seconds
  Import took 0.029259 seconds .

========================================================================
Received Prepare
Registering precompiled user dll's ...
Registered in 0.002062 seconds.
Begin MonoManager ReloadAssembly
Native extension for WindowsStandalone target not found
Native extension for WebGL target not found
Refreshing native plugins compatible for Editor in 0.55 ms, found 0 plugins.
Preloading 0 native plugins for Editor in 0.00 ms.
Mono: successfully reloaded assembly
- Completed reload, in  1.233 seconds
Platform modules already initialized, skipping
Shader 'Universal Render Pipeline/Particles/Lit': fallback shader 'Universal Render Pipeline/Particles/SimpleLit' not found
Refreshing native plugins compatible for Editor in 0.53 ms, found 0 plugins.
Preloading 0 native plugins for Editor in 0.00 ms.
Unloading 2317 Unused Serialized files (Serialized files now loaded: 0)
System memory in use before: 108.0 MB.
System memory in use after: 108.2 MB.

Unloading 5 unused Assets to reduce memory usage. Loaded Objects now: 2969.
Total: 3.257300 ms (FindLiveObjects: 0.325600 ms CreateObjectMapping: 0.130100 ms MarkObjects: 2.767100 ms  DeleteObjects: 0.032900 ms)

========================================================================
Received Prepare
Registering precompiled user dll's ...
Registered in 0.002161 seconds.
Begin MonoManager ReloadAssembly
Native extension for WindowsStandalone target not found
Native extension for WebGL target not found
Refreshing native plugins compatible for Editor in 0.51 ms, found 0 plugins.
Preloading 0 native plugins for Editor in 0.00 ms.
Mono: successfully reloaded assembly
- Completed reload, in  1.216 seconds
Platform modules already initialized, skipping
Shader 'Universal Render Pipeline/Particles/Lit': fallback shader 'Universal Render Pipeline/Particles/SimpleLit' not found
Refreshing native plugins compatible for Editor in 0.66 ms, found 0 plugins.
Preloading 0 native plugins for Editor in 0.00 ms.
Unloading 2317 Unused Serialized files (Serialized files now loaded: 0)
System memory in use before: 107.9 MB.
System memory in use after: 108.1 MB.

Unloading 5 unused Assets to reduce memory usage. Loaded Objects now: 2972.
Total: 3.111900 ms (FindLiveObjects: 0.322200 ms CreateObjectMapping: 0.129000 ms MarkObjects: 2.611700 ms  DeleteObjects: 0.048100 ms)

========================================================================
Received Prepare
Registering precompiled user dll's ...
Registered in 0.002054 seconds.
Begin MonoManager ReloadAssembly
Native extension for WindowsStandalone target not found
Native extension for WebGL target not found
Refreshing native plugins compatible for Editor in 0.59 ms, found 0 plugins.
Preloading 0 native plugins for Editor in 0.00 ms.
Mono: successfully reloaded assembly
- Completed reload, in  1.229 seconds
Platform modules already initialized, skipping
Shader 'Universal Render Pipeline/Particles/Lit': fallback shader 'Universal Render Pipeline/Particles/SimpleLit' not found
Refreshing native plugins compatible for Editor in 0.58 ms, found 0 plugins.
Preloading 0 native plugins for Editor in 0.00 ms.
Unloading 2317 Unused Serialized files (Serialized files now loaded: 0)
System memory in use before: 108.0 MB.
System memory in use after: 108.2 MB.

Unloading 5 unused Assets to reduce memory usage. Loaded Objects now: 2975.
Total: 2.944300 ms (FindLiveObjects: 0.414900 ms CreateObjectMapping: 0.190300 ms MarkObjects: 2.305800 ms  DeleteObjects: 0.031800 ms)

========================================================================
Received Import Request.
  Time since last request: 315.863088 seconds.
  path: Assets/Scenes/main.unity
  artifactKey: Guid(78a510c781f19db4da14f78ebb30946a) Importer(815301076,1909f56bfc062723c751e8b465ee728b)
Start importing Assets/Scenes/main.unity using Guid(78a510c781f19db4da14f78ebb30946a) Importer(815301076,1909f56bfc062723c751e8b465ee728b)  -> (artifact id: 'afcf2cf1b7b74312e27f9dfda56bf78d') in 0.021185 seconds
  Import took 0.027138 seconds .

========================================================================
Received Prepare
Registering precompiled user dll's ...
Registered in 0.002302 seconds.
Begin MonoManager ReloadAssembly
Native extension for WindowsStandalone target not found
Native extension for WebGL target not found
Refreshing native plugins compatible for Editor in 0.48 ms, found 0 plugins.
Preloading 0 native plugins for Editor in 0.00 ms.
Mono: successfully reloaded assembly
- Completed reload, in  1.259 seconds
Platform modules already initialized, skipping
Shader 'Universal Render Pipeline/Particles/Lit': fallback shader 'Universal Render Pipeline/Particles/SimpleLit' not found
Refreshing native plugins compatible for Editor in 0.56 ms, found 0 plugins.
Preloading 0 native plugins for Editor in 0.00 ms.
Unloading 2317 Unused Serialized files (Serialized files now loaded: 0)
System memory in use before: 108.0 MB.
System memory in use after: 108.2 MB.

Unloading 5 unused Assets to reduce memory usage. Loaded Objects now: 2978.
Total: 3.456000 ms (FindLiveObjects: 0.296900 ms CreateObjectMapping: 0.217500 ms MarkObjects: 2.905600 ms  DeleteObjects: 0.033900 ms)

AssetImportWorkerClient::OnTransportError - code=2 error=End of file
